<?xml version="1.0" encoding="UTF-8"?>
<testng-results skipped="0" failed="0" ignored="0" total="1" passed="1">
  <reporter-output>
  </reporter-output>
  <suite name="Default suite" duration-ms="28517" started-at="2019-12-14T13:49:08 CET" finished-at="2019-12-14T13:49:37 CET">
    <groups>
    </groups>
    <test name="Default test" duration-ms="28517" started-at="2019-12-14T13:49:08 CET" finished-at="2019-12-14T13:49:37 CET">
      <class name="tests.TravelsCarsAddPhotoTest">
        <test-method status="PASS" signature="setup()[pri:0, instance:tests.TravelsCarsAddPhotoTest@5c5a1b69]" name="setup" is-config="true" duration-ms="10116" started-at="2019-12-14T13:49:08 CET" finished-at="2019-12-14T13:49:18 CET">
          <reporter-output>
          </reporter-output>
        </test-method> <!-- setup -->
        <test-method status="PASS" signature="addPhoto()[pri:0, instance:tests.TravelsCarsAddPhotoTest@5c5a1b69]" name="addPhoto" duration-ms="18374" started-at="2019-12-14T13:49:18 CET" finished-at="2019-12-14T13:49:37 CET">
          <reporter-output>
          </reporter-output>
        </test-method> <!-- addPhoto -->
        <test-method status="PASS" signature="quit()[pri:0, instance:tests.TravelsCarsAddPhotoTest@5c5a1b69]" name="quit" is-config="true" duration-ms="0" started-at="2019-12-14T13:49:37 CET" finished-at="2019-12-14T13:49:37 CET">
          <reporter-output>
          </reporter-output>
        </test-method> <!-- quit -->
      </class> <!-- tests.TravelsCarsAddPhotoTest -->
    </test> <!-- Default test -->
  </suite> <!-- Default suite -->
</testng-results>
